<?xml version="1.0" encoding="UTF-8"?>
<testng-results skipped="0" failed="0" ignored="0" total="1" passed="1">
  <reporter-output>
  </reporter-output>
  <suite name="Suite" duration-ms="75530" started-at="2020-06-01T20:10:56 EDT" finished-at="2020-06-01T20:12:12 EDT">
    <groups>
    </groups>
    <test name="Test" duration-ms="75530" started-at="2020-06-01T20:10:56 EDT" finished-at="2020-06-01T20:12:12 EDT">
      <class name="com.practice.testcases.TC_LoginPage_001">
        <test-method status="PASS" signature="setup(java.lang.String)[pri:0, instance:com.practice.testcases.TC_LoginPage_001@2698dc7]" name="setup" is-config="true" duration-ms="31227" started-at="2020-06-01T20:10:56 EDT" finished-at="2020-06-01T20:11:27 EDT">
          <params>
            <param index="0">
              <value>
                <![CDATA[chromePath]]>
              </value>
            </param>
          </params>
          <reporter-output>
          </reporter-output>
        </test-method> <!-- setup -->
        <test-method status="PASS" signature="login()[pri:0, instance:com.practice.testcases.TC_LoginPage_001@2698dc7]" name="login" duration-ms="43088" started-at="2020-06-01T20:11:27 EDT" finished-at="2020-06-01T20:12:11 EDT">
          <reporter-output>
          </reporter-output>
        </test-method> <!-- login -->
        <test-method status="PASS" signature="tearDown()[pri:0, instance:com.practice.testcases.TC_LoginPage_001@2698dc7]" name="tearDown" is-config="true" duration-ms="1145" started-at="2020-06-01T20:12:11 EDT" finished-at="2020-06-01T20:12:12 EDT">
          <reporter-output>
          </reporter-output>
        </test-method> <!-- tearDown -->
      </class> <!-- com.practice.testcases.TC_LoginPage_001 -->
    </test> <!-- Test -->
  </suite> <!-- Suite -->
</testng-results>
