<?xml version="1.0" encoding="UTF-8"?>
<testng-results skipped="0" failed="0" ignored="0" total="1" passed="1">
  <reporter-output>
  </reporter-output>
  <suite name="Suite" duration-ms="10986" started-at="2020-06-01T21:24:43 EDT" finished-at="2020-06-01T21:24:54 EDT">
    <groups>
    </groups>
    <test name="Test" duration-ms="10986" started-at="2020-06-01T21:24:43 EDT" finished-at="2020-06-01T21:24:54 EDT">
      <class name="com.practice.testcases.TC_New_Customer_001">
        <test-method status="PASS" signature="setup(java.lang.String)[pri:0, instance:com.practice.testcases.TC_New_Customer_001@f0f2775]" name="setup" is-config="true" duration-ms="9299" started-at="2020-06-01T21:24:43 EDT" finished-at="2020-06-01T21:24:52 EDT">
          <params>
            <param index="0">
              <value>
                <![CDATA[chromePath]]>
              </value>
            </param>
          </params>
          <reporter-output>
          </reporter-output>
        </test-method> <!-- setup -->
        <test-method status="PASS" signature="addNewCustomer()[pri:0, instance:com.practice.testcases.TC_New_Customer_001@f0f2775]" name="addNewCustomer" duration-ms="808" started-at="2020-06-01T21:24:52 EDT" finished-at="2020-06-01T21:24:53 EDT">
          <reporter-output>
          </reporter-output>
        </test-method> <!-- addNewCustomer -->
        <test-method status="PASS" signature="tearDown()[pri:0, instance:com.practice.testcases.TC_New_Customer_001@f0f2775]" name="tearDown" is-config="true" duration-ms="821" started-at="2020-06-01T21:24:53 EDT" finished-at="2020-06-01T21:24:54 EDT">
          <reporter-output>
          </reporter-output>
        </test-method> <!-- tearDown -->
      </class> <!-- com.practice.testcases.TC_New_Customer_001 -->
    </test> <!-- Test -->
  </suite> <!-- Suite -->
</testng-results>
